[debug] [2026-02-12T16:39:47.477Z] ----------------------------------------------------------------------
[debug] [2026-02-12T16:39:47.485Z] Command:       C:\Program Files\nodejs\node.exe C:\Users\asiat\AppData\Roaming\npm\node_modules\firebase-tools\lib\bin\firebase.js projects:list
[debug] [2026-02-12T16:39:47.486Z] CLI Version:   15.5.1
[debug] [2026-02-12T16:39:47.486Z] Platform:      win32
[debug] [2026-02-12T16:39:47.487Z] Node Version:  v22.20.0
[debug] [2026-02-12T16:39:47.487Z] Time:          Thu Feb 12 2026 16:39:47 GMT+0000 (temps universel coordonné)
[debug] [2026-02-12T16:39:47.488Z] ----------------------------------------------------------------------
[debug] 
[warn] !  JSON error trying to load D:\asiatis-SGP\.firebaserc 
[debug] [2026-02-12T16:39:47.524Z] > command requires scopes: ["email","openid","https://www.googleapis.com/auth/cloudplatformprojects.readonly","https://www.googleapis.com/auth/firebase","https://www.googleapis.com/auth/cloud-platform"]
[debug] [2026-02-12T16:39:47.525Z] > authorizing via signed-in user (email@asiatis.ca)
[debug] [2026-02-12T16:39:47.535Z] Checked if tokens are valid: true, expires at: 1770917662312
[debug] [2026-02-12T16:39:47.535Z] Checked if tokens are valid: true, expires at: 1770917662312
[debug] [2026-02-12T16:39:47.537Z] >>> [apiv2][query] GET https://firebase.googleapis.com/v1beta1/projects pageSize=1000
[debug] [2026-02-12T16:39:48.230Z] <<< [apiv2][status] GET https://firebase.googleapis.com/v1beta1/projects 200
[debug] [2026-02-12T16:39:48.230Z] <<< [apiv2][body] GET https://firebase.googleapis.com/v1beta1/projects [omitted]
[info] ┌──────────────────────┬─────────────────────────┬────────────────┬──────────────────────┐
│ Project Display Name │ Project ID              │ Project Number │ Resource Location ID │
├──────────────────────┼─────────────────────────┼────────────────┼──────────────────────┤
│ Asiatis-Certified    │ asiatis-certified       │ 912976475146   │ [Not specified]      │
├──────────────────────┼─────────────────────────┼────────────────┼──────────────────────┤
│ Asiatis-France       │ asiatis-france          │ 704437329595   │ [Not specified]      │
├──────────────────────┼─────────────────────────┼────────────────┼──────────────────────┤
│ asiatis-singapore    │ asiatis-singapore       │ 18779266319    │ [Not specified]      │
├──────────────────────┼─────────────────────────┼────────────────┼──────────────────────┤
│ asiatis-v2           │ asiatis-v2              │ 1085826594778  │ [Not specified]      │
├──────────────────────┼─────────────────────────┼────────────────┼──────────────────────┤
│ CMB-v5               │ cmb-v5-b97be            │ 636418119562   │ [Not specified]      │
├──────────────────────┼─────────────────────────┼────────────────┼──────────────────────┤
│ Firebase app         │ studio-8530027762-dc4f3 │ 839488223296   │ [Not specified]      │
└──────────────────────┴─────────────────────────┴────────────────┴──────────────────────┘
[info] 
[info] 6 project(s) total.
[debug] [2026-02-12T16:39:53.446Z] Error: Timed out.
    at Timeout._onTimeout (C:\Users\asiat\AppData\Roaming\npm\node_modules\firebase-tools\lib\utils.js:308:49)
    at listOnTimeout (node:internal/timers:588:17)
    at process.processTimers (node:internal/timers:523:7)
[error] 
[error] Error: An unexpected error has occurred.
